[    0.000000] Linux version 4.15.0-135-generic (buildd@lgw01-amd64-005) (gcc version 7.5.0 (Ubuntu 7.5.0-3ubuntu1~18.04)) #139-Ubuntu SMP Mon Jan 18 17:38:24 UTC 2021 (Ubuntu 4.15.0-135.139-generic 4.15.18)
[    0.000000] Command line: BOOT_IMAGE=/boot/vmlinuz-4.15.0-135-generic root=LABEL=cloudimg-rootfs ro console=tty1 console=ttyS0
[    0.000000] KERNEL supported cpus:
[    0.000000]   Intel GenuineIntel
[    0.000000]   AMD AuthenticAMD
[    0.000000]   Centaur CentaurHauls
[    0.000000] x86/fpu: x87 FPU will use FXSAVE
[    0.000000] e820: BIOS-provided physical RAM map:
[    0.000000] BIOS-e820: [mem 0x0000000000000000-0x000000000009fbff] usable
[    0.000000] BIOS-e820: [mem 0x000000000009fc00-0x000000000009ffff] reserved
[    0.000000] BIOS-e820: [mem 0x00000000000f0000-0x00000000000fffff] reserved
[    0.000000] BIOS-e820: [mem 0x0000000000100000-0x000000003ffeffff] usable
[    0.000000] BIOS-e820: [mem 0x000000003fff0000-0x000000003fffffff] ACPI data
[    0.000000] BIOS-e820: [mem 0x00000000fec00000-0x00000000fec00fff] reserved
[    0.000000] BIOS-e820: [mem 0x00000000fee00000-0x00000000fee00fff] reserved
[    0.000000] BIOS-e820: [mem 0x00000000fffc0000-0x00000000ffffffff] reserved
[    0.000000] NX (Execute Disable) protection: active
[    0.000000] SMBIOS 2.5 present.
[    0.000000] DMI: innotek GmbH VirtualBox/VirtualBox, BIOS VirtualBox 12/01/2006
[    0.000000] Hypervisor detected: KVM
[    0.000000] e820: last_pfn = 0x3fff0 max_arch_pfn = 0x400000000
[    0.000000] MTRR: Disabled
[    0.000000] x86/PAT: MTRRs disabled, skipping PAT initialization too.
[    0.000000] CPU MTRRs all blank - virtualized system.
[    0.000000] x86/PAT: Configuration [0-7]: WB  WT  UC- UC  WB  WT  UC- UC  
[    0.000000] found SMP MP-table at [mem 0x0009fff0-0x0009ffff]
[    0.000000] Scanning 1 areas for low memory corruption
[    0.000000] RAMDISK: [mem 0x35a63000-0x36d28fff]
[    0.000000] ACPI: Early table checksum verification disabled
[    0.000000] ACPI: RSDP 0x00000000000E0000 000024 (v02 VBOX  )
[    0.000000] ACPI: XSDT 0x000000003FFF0030 00003C (v01 VBOX   VBOXXSDT 00000001 ASL  00000061)
[    0.000000] ACPI: FACP 0x000000003FFF00F0 0000F4 (v04 VBOX   VBOXFACP 00000001 ASL  00000061)
[    0.000000] ACPI: DSDT 0x000000003FFF0470 002325 (v02 VBOX   VBOXBIOS 00000002 INTL 20100528)
[    0.000000] ACPI: FACS 0x000000003FFF0200 000040
[    0.000000] ACPI: FACS 0x000000003FFF0200 000040
[    0.000000] ACPI: APIC 0x000000003FFF0240 000054 (v02 VBOX   VBOXAPIC 00000001 ASL  00000061)
[    0.000000] ACPI: SSDT 0x000000003FFF02A0 0001CC (v01 VBOX   VBOXCPUT 00000002 INTL 20100528)
[    0.000000] No NUMA configuration found
[    0.000000] Faking a node at [mem 0x0000000000000000-0x000000003ffeffff]
[    0.000000] NODE_DATA(0) allocated [mem 0x3ffc5000-0x3ffeffff]
[    0.000000] kvm-clock: cpu 0, msr 0:3ff44001, primary cpu clock
[    0.000000] kvm-clock: Using msrs 4b564d01 and 4b564d00
[    0.000000] kvm-clock: using sched offset of 4620020700 cycles
[    0.000000] clocksource: kvm-clock: mask: 0xffffffffffffffff max_cycles: 0x1cd42e4dffb, max_idle_ns: 881590591483 ns
[    0.000000] Zone ranges:
[    0.000000]   DMA      [mem 0x0000000000001000-0x0000000000ffffff]
[    0.000000]   DMA32    [mem 0x0000000001000000-0x000000003ffeffff]
[    0.000000]   Normal   empty
[    0.000000]   Device   empty
[    0.000000] Movable zone start for each node
[    0.000000] Early memory node ranges
[    0.000000]   node   0: [mem 0x0000000000001000-0x000000000009efff]
[    0.000000]   node   0: [mem 0x0000000000100000-0x000000003ffeffff]
[    0.000000] Reserved but unavailable: 98 pages
[    0.000000] Initmem setup node 0 [mem 0x0000000000001000-0x000000003ffeffff]
[    0.000000] ACPI: PM-Timer IO Port: 0x4008
[    0.000000] IOAPIC[0]: apic_id 1, version 32, address 0xfec00000, GSI 0-23
[    0.000000] ACPI: INT_SRC_OVR (bus 0 bus_irq 0 global_irq 2 dfl dfl)
[    0.000000] ACPI: INT_SRC_OVR (bus 0 bus_irq 9 global_irq 9 low level)
[    0.000000] Using ACPI (MADT) for SMP configuration information
[    0.000000] smpboot: Allowing 1 CPUs, 0 hotplug CPUs
[    0.000000] PM: Registered nosave memory: [mem 0x00000000-0x00000fff]
[    0.000000] PM: Registered nosave memory: [mem 0x0009f000-0x0009ffff]
[    0.000000] PM: Registered nosave memory: [mem 0x000a0000-0x000effff]
[    0.000000] PM: Registered nosave memory: [mem 0x000f0000-0x000fffff]
[    0.000000] e820: [mem 0x40000000-0xfebfffff] available for PCI devices
[    0.000000] Booting paravirtualized kernel on KVM
[    0.000000] clocksource: refined-jiffies: mask: 0xffffffff max_cycles: 0xffffffff, max_idle_ns: 7645519600211568 ns
[    0.000000] random: get_random_bytes called from start_kernel+0x99/0x500 with crng_init=0
[    0.000000] setup_percpu: NR_CPUS:8192 nr_cpumask_bits:1 nr_cpu_ids:1 nr_node_ids:1
[    0.000000] percpu: Embedded 45 pages/cpu s147456 r8192 d28672 u2097152
[    0.000000] PV qspinlock hash table entries: 256 (order: 0, 4096 bytes)
[    0.000000] Built 1 zonelists, mobility grouping on.  Total pages: 257913
[    0.000000] Policy zone: DMA32
[    0.000000] Kernel command line: BOOT_IMAGE=/boot/vmlinuz-4.15.0-135-generic root=LABEL=cloudimg-rootfs ro console=tty1 console=ttyS0
[    0.000000] Memory: 983200K/1048120K available (12300K kernel code, 2482K rwdata, 4276K rodata, 2440K init, 2724K bss, 64920K reserved, 0K cma-reserved)
[    0.000000] SLUB: HWalign=64, Order=0-3, MinObjects=0, CPUs=1, Nodes=1
[    0.000000] Kernel/User page tables isolation: enabled
[    0.000000] ftrace: allocating 39422 entries in 154 pages
[    0.004000] Hierarchical RCU implementation.
[    0.004000] 	RCU restricting CPUs from NR_CPUS=8192 to nr_cpu_ids=1.
[    0.004000] 	Tasks RCU enabled.
[    0.004000] RCU: Adjusting geometry for rcu_fanout_leaf=16, nr_cpu_ids=1
[    0.004000] NR_IRQS: 524544, nr_irqs: 256, preallocated irqs: 16
[    0.004000] Console: colour VGA+ 80x25
[    0.004000] console [tty1] enabled
[    0.004000] console [ttyS0] enabled
[    0.004000] ACPI: Core revision 20170831
[    0.004000] ACPI: 2 ACPI AML tables successfully acquired and loaded
[    0.004000] APIC: Switch to symmetric I/O mode setup
[    0.004000] ..TIMER: vector=0x30 apic1=0 pin1=2 apic2=-1 pin2=-1
[    0.004004] tsc: Detected 3192.012 MHz processor
[    0.008009] Calibrating delay loop (skipped) preset value.. 6384.02 BogoMIPS (lpj=12768048)
[    0.012002] pid_max: default: 32768 minimum: 301
[    0.016048] Security Framework initialized
[    0.018370] Yama: becoming mindful.
[    0.020019] AppArmor: AppArmor initialized
[    0.028751] Dentry cache hash table entries: 131072 (order: 8, 1048576 bytes)
[    0.033611] Inode-cache hash table entries: 65536 (order: 7, 524288 bytes)
[    0.036120] Mount-cache hash table entries: 2048 (order: 2, 16384 bytes)
[    0.040053] Mountpoint-cache hash table entries: 2048 (order: 2, 16384 bytes)
[    0.048157] Last level iTLB entries: 4KB 64, 2MB 8, 4MB 8
[    0.051253] Last level dTLB entries: 4KB 64, 2MB 0, 4MB 0, 1GB 4
[    0.052003] Spectre V1 : Mitigation: usercopy/swapgs barriers and __user pointer sanitization
[    0.056002] Spectre V2 : Mitigation: Full generic retpoline
[    0.059029] Spectre V2 : Spectre v2 / SpectreRSB mitigation: Filling RSB on context switch
[    0.060002] Speculative Store Bypass: Vulnerable
[    0.062774] MDS: Vulnerable: Clear CPU buffers attempted, no microcode
[    0.068363] Freeing SMP alternatives memory: 36K
[    0.184360] smpboot: CPU0: Intel(R) Core(TM) i7-8700 CPU @ 3.20GHz (family: 0x6, model: 0x9e, stepping: 0xa)
[    0.188351] Performance Events: unsupported p6 CPU model 158 no PMU driver, software events only.
[    0.192104] Hierarchical SRCU implementation.
[    0.196730] NMI watchdog: Perf event create on CPU 0 failed with -2
[    0.200003] NMI watchdog: Perf NMI watchdog permanently disabled
[    0.204219] smp: Bringing up secondary CPUs ...
[    0.208002] smp: Brought up 1 node, 1 CPU
[    0.210596] smpboot: Max logical packages: 1
[    0.212002] smpboot: Total of 1 processors activated (6384.02 BogoMIPS)
[    0.216265] devtmpfs: initialized
[    0.220073] x86/mm: Memory block size: 128MB
[    0.224324] evm: security.selinux
[    0.227027] evm: security.SMACK64
[    0.228005] evm: security.SMACK64EXEC
[    0.232003] evm: security.SMACK64TRANSMUTE
[    0.236068] evm: security.SMACK64MMAP
[    0.238495] evm: security.apparmor
[    0.240002] evm: security.ima
[    0.242346] evm: security.capability
[    0.244392] clocksource: jiffies: mask: 0xffffffff max_cycles: 0xffffffff, max_idle_ns: 7645041785100000 ns
[    0.248019] futex hash table entries: 256 (order: 2, 16384 bytes)
[    0.252101] pinctrl core: initialized pinctrl subsystem
[    0.256287] RTC time: 17:31:19, date: 03/11/21
[    0.260386] NET: Registered protocol family 16
[    0.262885] audit: initializing netlink subsys (disabled)
[    0.264519] cpuidle: using governor ladder
[    0.268005] audit: type=2000 audit(1615483885.093:1): state=initialized audit_enabled=0 res=1
[    0.272005] cpuidle: using governor menu
[    0.276031] ACPI: bus type PCI registered
[    0.278213] acpiphp: ACPI Hot Plug PCI Controller Driver version: 0.5
[    0.280342] PCI: Using configuration type 1 for base access
[    0.288334] HugeTLB registered 2.00 MiB page size, pre-allocated 0 pages
[    0.296276] ACPI: Added _OSI(Module Device)
[    0.298960] ACPI: Added _OSI(Processor Device)
[    0.300003] ACPI: Added _OSI(3.0 _SCP Extensions)
[    0.304002] ACPI: Added _OSI(Processor Aggregator Device)
[    0.307313] ACPI: Added _OSI(Linux-Dell-Video)
[    0.308002] ACPI: Added _OSI(Linux-Lenovo-NV-HDMI-Audio)
[    0.312003] ACPI: Added _OSI(Linux-HPI-Hybrid-Graphics)
[    0.316573] ACPI: Executed 1 blocks of module-level executable AML code
[    0.324840] ACPI: Interpreter enabled
[    0.327411] ACPI: (supports S0 S5)
[    0.328006] ACPI: Using IOAPIC for interrupt routing
[    0.332314] PCI: Using host bridge windows from ACPI; if necessary, use "pci=nocrs" and report a bug
[    0.336160] ACPI: Enabled 2 GPEs in block 00 to 07
[    0.348053] ACPI: PCI Root Bridge [PCI0] (domain 0000 [bus 00-ff])
[    0.351403] acpi PNP0A03:00: _OSC: OS supports [ASPM ClockPM Segments MSI]
[    0.352617] acpi PNP0A03:00: _OSC: not requesting OS control; OS requires [ExtendedConfig ASPM ClockPM MSI]
[    0.356022] acpi PNP0A03:00: fail to add MMCONFIG information, can't access extended PCI configuration space under this bridge.
[    0.360508] PCI host bridge to bus 0000:00
[    0.364005] pci_bus 0000:00: root bus resource [io  0x0000-0x0cf7 window]
[    0.368004] pci_bus 0000:00: root bus resource [io  0x0d00-0xffff window]
[    0.372005] pci_bus 0000:00: root bus resource [mem 0x000a0000-0x000bffff window]
[    0.376007] pci_bus 0000:00: root bus resource [mem 0x40000000-0xfdffffff window]
[    0.380008] pci_bus 0000:00: root bus resource [bus 00-ff]
[    0.388573] pci 0000:00:01.1: legacy IDE quirk: reg 0x10: [io  0x01f0-0x01f7]
[    0.392004] pci 0000:00:01.1: legacy IDE quirk: reg 0x14: [io  0x03f6]
[    0.395446] pci 0000:00:01.1: legacy IDE quirk: reg 0x18: [io  0x0170-0x0177]
[    0.396003] pci 0000:00:01.1: legacy IDE quirk: reg 0x1c: [io  0x0376]
[    0.464522] pci 0000:00:07.0: quirk: [io  0x4000-0x403f] claimed by PIIX4 ACPI
[    0.468019] pci 0000:00:07.0: quirk: [io  0x4100-0x410f] claimed by PIIX4 SMB
[    0.482287] ACPI: PCI Interrupt Link [LNKA] (IRQs 5 9 10 *11)
[    0.484380] ACPI: PCI Interrupt Link [LNKB] (IRQs 5 9 *10 11)
[    0.488131] ACPI: PCI Interrupt Link [LNKC] (IRQs 5 *9 10 11)
[    0.492131] ACPI: PCI Interrupt Link [LNKD] (IRQs 5 9 10 *11)
[    0.496588] SCSI subsystem initialized
[    0.500209] pci 0000:00:02.0: vgaarb: setting as boot VGA device
[    0.504000] pci 0000:00:02.0: vgaarb: VGA device added: decodes=io+mem,owns=io+mem,locks=none
[    0.504006] pci 0000:00:02.0: vgaarb: bridge control possible
[    0.508002] vgaarb: loaded
[    0.512051] ACPI: bus type USB registered
[    0.516033] usbcore: registered new interface driver usbfs
[    0.520012] usbcore: registered new interface driver hub
[    0.524014] usbcore: registered new device driver usb
[    0.528197] EDAC MC: Ver: 3.0.0
[    0.532545] PCI: Using ACPI for IRQ routing
[    0.536468] NetLabel: Initializing
[    0.540002] NetLabel:  domain hash size = 128
[    0.544002] NetLabel:  protocols = UNLABELED CIPSOv4 CALIPSO
[    0.548104] NetLabel:  unlabeled traffic allowed by default
[    0.552165] clocksource: Switched to clocksource kvm-clock
[    0.600612] VFS: Disk quotas dquot_6.6.0
[    0.603458] VFS: Dquot-cache hash table entries: 512 (order 0, 4096 bytes)
[    0.608256] AppArmor: AppArmor Filesystem Enabled
[    0.611692] pnp: PnP ACPI init
[    0.614913] pnp: PnP ACPI: found 3 devices
[    0.624363] clocksource: acpi_pm: mask: 0xffffff max_cycles: 0xffffff, max_idle_ns: 2085701024 ns
[    0.629333] NET: Registered protocol family 2
[    0.632645] TCP established hash table entries: 8192 (order: 4, 65536 bytes)
[    0.636862] TCP bind hash table entries: 8192 (order: 5, 131072 bytes)
[    0.640859] TCP: Hash tables configured (established 8192 bind 8192)
[    0.644838] UDP hash table entries: 512 (order: 2, 16384 bytes)
[    0.648520] UDP-Lite hash table entries: 512 (order: 2, 16384 bytes)
[    0.652277] NET: Registered protocol family 1
[    0.654689] pci 0000:00:00.0: Limiting direct PCI/PCI transfers
[    0.658930] pci 0000:00:01.0: Activating ISA DMA hang workarounds
[    0.662507] pci 0000:00:02.0: Video device with shadowed ROM at [mem 0x000c0000-0x000dffff]
[    0.667367] Unpacking initramfs...
[    1.103362] Freeing initrd memory: 19224K
[    1.106088] clocksource: tsc: mask: 0xffffffffffffffff max_cycles: 0x2e02d00002e, max_idle_ns: 440795202126 ns
[    1.111580] platform rtc_cmos: registered platform RTC device (no PNP device found)
[    1.116610] Scanning for low memory corruption every 60 seconds
[    1.121316] Initialise system trusted keyrings
[    1.123764] Key type blacklist registered
[    1.126855] workingset: timestamp_bits=36 max_order=18 bucket_order=0
[    1.132761] zbud: loaded
[    1.135025] squashfs: version 4.0 (2009/01/31) Phillip Lougher
[    1.139271] fuse init (API version 7.26)
[    1.143874] Key type asymmetric registered
[    1.147151] Asymmetric key parser 'x509' registered
[    1.150082] Block layer SCSI generic (bsg) driver version 0.4 loaded (major 246)
[    1.154254] io scheduler noop registered
[    1.156572] io scheduler deadline registered
[    1.159576] io scheduler cfq registered (default)
[    1.162955] ACPI: AC Adapter [AC] (on-line)
[    1.165499] input: Power Button as /devices/LNXSYSTM:00/LNXPWRBN:00/input/input0
[    1.169693] ACPI: Power Button [PWRF]
[    1.171851] input: Sleep Button as /devices/LNXSYSTM:00/LNXSLPBN:00/input/input1
[    1.176947] ACPI: Sleep Button [SLPF]
[    1.179281] Serial: 8250/16550 driver, 32 ports, IRQ sharing enabled
[    1.212430] 00:02: ttyS0 at I/O 0x3f8 (irq = 4, base_baud = 115200) is a 16550A
[    1.221404] Linux agpgart interface v0.103
[    1.230747] loop: module loaded
[    1.234007] scsi host0: ata_piix
[    1.235885] scsi host1: ata_piix
[    1.238328] ata1: PATA max UDMA/33 cmd 0x1f0 ctl 0x3f6 bmdma 0xd000 irq 14
[    1.242133] ata2: PATA max UDMA/33 cmd 0x170 ctl 0x376 bmdma 0xd008 irq 15
[    1.246954] libphy: Fixed MDIO Bus: probed
[    1.249378] tun: Universal TUN/TAP device driver, 1.6
[    1.252307] PPP generic driver version 2.4.2
[    1.254734] ehci_hcd: USB 2.0 'Enhanced' Host Controller (EHCI) Driver
[    1.259529] ehci-pci: EHCI PCI platform driver
[    1.262519] ehci-platform: EHCI generic platform driver
[    1.265476] ohci_hcd: USB 1.1 'Open' Host Controller (OHCI) Driver
[    1.268915] ohci-pci: OHCI PCI platform driver
[    1.271621] ohci-platform: OHCI generic platform driver
[    1.275434] uhci_hcd: USB Universal Host Controller Interface driver
[    1.280053] i8042: PNP: PS/2 Controller [PNP0303:PS2K,PNP0f03:PS2M] at 0x60,0x64 irq 1,12
[    1.288460] serio: i8042 KBD port at 0x60,0x64 irq 1
[    1.291915] serio: i8042 AUX port at 0x60,0x64 irq 12
[    1.295614] mousedev: PS/2 mouse device common for all mice
[    1.300488] input: AT Translated Set 2 keyboard as /devices/platform/i8042/serio0/input/input2
[    1.306187] rtc_cmos rtc_cmos: rtc core: registered rtc_cmos as rtc0
[    1.310497] rtc_cmos rtc_cmos: alarms up to one day, 114 bytes nvram
[    1.314029] i2c /dev entries driver
[    1.316455] device-mapper: uevent: version 1.0.3
[    1.319129] device-mapper: ioctl: 4.37.0-ioctl (2017-09-20) initialised: dm-devel@redhat.com
[    1.325306] ledtrig-cpu: registered to indicate activity on CPUs
[    1.328826] NET: Registered protocol family 10
[    1.333815] Segment Routing with IPv6
[    1.335827] NET: Registered protocol family 17
[    1.339426] Key type dns_resolver registered
[    1.342295] mce: Using 0 MCE banks
[    1.344393] RAS: Correctable Errors collector initialized.
[    1.347308] sched_clock: Marking stable (1344314628, 0)->(1908077966, -563763338)
[    1.352397] registered taskstats version 1
[    1.355194] Loading compiled-in X.509 certificates
[    1.359735] Loaded X.509 cert 'Build time autogenerated kernel key: 399a566a2ea98257ce6f7132c633527e9761cd56'
[    1.366470] zswap: loaded using pool lzo/zbud
[    1.371551] Key type big_key registered
[    1.374126] Key type trusted registered
[    1.378051] Key type encrypted registered
[    1.380991] AppArmor: AppArmor sha1 policy hashing enabled
[    1.385059] ima: No TPM chip found, activating TPM-bypass! (rc=-19)
[    1.388559] ima: Allocated hash algorithm: sha1
[    1.391065] evm: HMAC attrs: 0x1
[    1.393779]   Magic number: 13:89:542
[    1.396764] rtc_cmos rtc_cmos: setting system clock to 2021-03-11 17:31:20 UTC (1615483880)
[    1.401518] BIOS EDD facility v0.16 2004-Jun-25, 0 devices found
[    1.404835] EDD information not available.
[    1.455373] Freeing unused kernel image memory: 2440K
[    1.464866] Write protecting the kernel read-only data: 20480k
[    1.468170] Freeing unused kernel image memory: 2008K
[    1.471922] Freeing unused kernel image memory: 1868K
[    1.479542] x86/mm: Checked W+X mappings: passed, no W+X pages found.
[    1.484284] x86/mm: Checking user space page tables
[    1.491140] x86/mm: Checked W+X mappings: passed, no W+X pages found.
Loading, please wait...
starting version 237
[    1.584216] e1000: Intel(R) PRO/1000 Network Driver - version 7.3.21-k8-NAPI
[    1.590091] e1000: Copyright (c) 1999-2006 Intel Corporation.
[    1.596159] Fusion MPT base driver 3.04.20
[    1.599395] Copyright (c) 1999-2008 LSI Corporation
[    1.641611] Fusion MPT SPI Host driver 3.04.20
[    1.859616] input: ImExPS/2 Generic Explorer Mouse as /devices/platform/i8042/serio1/input/input4
[    2.269493] e1000 0000:00:03.0 eth0: (PCI:33MHz:32-bit) 02:54:31:68:18:3c
[    2.275033] e1000 0000:00:03.0 eth0: Intel(R) PRO/1000 Network Connection
[    2.281452] mptbase: ioc0: Initiating bringup
[    2.382337] ioc0: LSI53C1030 A0: Capabilities={Initiator}
[    2.635184] scsi host2: ioc0: LSI53C1030 A0, FwRev=00000000h, Ports=1, MaxQ=256, IRQ=20
[    2.809832] scsi 2:0:0:0: Direct-Access     VBOX     HARDDISK         1.0  PQ: 0 ANSI: 5
[    2.815930] scsi target2:0:0: Beginning Domain Validation
[    2.822155] random: fast init done
[    2.826720] scsi target2:0:0: Domain Validation skipping write tests
[    2.830327] scsi target2:0:0: Ending Domain Validation
[    2.833504] scsi target2:0:0: asynchronous
[    2.837227] scsi 2:0:1:0: Direct-Access     VBOX     HARDDISK         1.0  PQ: 0 ANSI: 5
[    2.842298] scsi target2:0:1: Beginning Domain Validation
[    2.863921] scsi target2:0:1: Domain Validation skipping write tests
[    2.868196] scsi target2:0:1: Ending Domain Validation
[    2.878456] scsi target2:0:1: asynchronous
[    2.974095] sd 2:0:0:0: Attached scsi generic sg0 type 0
[    2.978628] sd 2:0:0:0: [sda] 83886080 512-byte logical blocks: (42.9 GB/40.0 GiB)
[    2.983852] sd 2:0:1:0: [sdb] 20480 512-byte logical blocks: (10.5 MB/10.0 MiB)
[    2.988873] sd 2:0:1:0: Attached scsi generic sg1 type 0
[    2.992408] sd 2:0:0:0: [sda] Write Protect is off
[    2.995183] sd 2:0:1:0: [sdb] Write Protect is off
[    2.997939] random: systemd-udevd: uninitialized urandom read (16 bytes read)
[    3.002114] sd 2:0:0:0: [sda] Incomplete mode parameter data
[    3.005205] sd 2:0:0:0: [sda] Assuming drive cache: write through
[    3.009038] sd 2:0:1:0: [sdb] Incomplete mode parameter data
[    3.012606] sd 2:0:1:0: [sdb] Assuming drive cache: write through
[    3.024733] random: systemd-udevd: uninitialized urandom read (16 bytes read)
[    3.031331]  sda: sda1
[    3.036437] sd 2:0:1:0: [sdb] Attached SCSI disk
[    3.038937] random: systemd-udevd: uninitialized urandom read (16 bytes read)
[    3.045038] sd 2:0:0:0: [sda] Attached SCSI disk
[    3.520594] e1000 0000:00:08.0 eth1: (PCI:33MHz:32-bit) 08:00:27:f7:db:4f
[    3.524581] e1000 0000:00:08.0 eth1: Intel(R) PRO/1000 Network Connection
[    3.529314] e1000 0000:00:08.0 enp0s8: renamed from eth1
[    3.538073] e1000 0000:00:03.0 enp0s3: renamed from eth0
Begin: Loading essential drivers ... [    5.465843] raid6: sse2x1   gen() 13722 MB/s
[    5.520109] raid6: sse2x1   xor() 10100 MB/s
[    5.572952] raid6: sse2x2   gen() 15633 MB/s
[    5.628064] raid6: sse2x2   xor() 11363 MB/s
[    5.680050] raid6: sse2x4   gen() 19501 MB/s
[    5.733029] raid6: sse2x4   xor() 11941 MB/s
[    5.736457] raid6: using algorithm sse2x4 gen() 19501 MB/s
[    5.740045] raid6: .... xor() 11941 MB/s, rmw enabled
[    5.742901] raid6: using ssse3x2 recovery algorithm
[    5.747363] xor: measuring software checksum speed
[    5.861489]    prefetch64-sse: 121377.000 MB/sec
[    5.969152]    generic_sse: 59633.000 MB/sec
[    5.972202] xor: using function: prefetch64-sse (121377.000 MB/sec)
[    5.976862] async_tx: api initialized (async)
done.
Begin: Running /scripts/init-premount ... done.
Begin: Mounting root file system ... Begin: Running /scripts/local-top ... done.
Begin: Running /scripts/local-premount ... [    6.032410] Btrfs loaded, crc32c=crc32c-intel
Scanning for Btrfs filesystems
done.
Warning: fsck not present, so skipping root file system
[    6.075190] EXT4-fs (sda1): mounted filesystem with ordered data mode. Opts: (null)
done.
Begin: Running /scripts/local-bottom ... done.
Begin: Running /scripts/init-bottom ... done.
[    6.281861] ip_tables: (C) 2000-2006 Netfilter Core Team
[    6.299601] systemd[1]: systemd 237 running in system mode. (+PAM +AUDIT +SELINUX +IMA +APPARMOR +SMACK +SYSVINIT +UTMP +LIBCRYPTSETUP +GCRYPT +GNUTLS +ACL +XZ +LZ4 +SECCOMP +BLKID +ELFUTILS +KMOD -IDN2 +IDN -PCRE2 default-hierarchy=hybrid)
[    6.313458] systemd[1]: Detected virtualization oracle.
[    6.316911] systemd[1]: Detected architecture x86-64.

Welcome to [1mUbuntu 18.04.5 LTS[0m!

[    6.324720] systemd[1]: Set hostname to <ubuntu>.
[    6.338074] systemd[1]: Initializing machine ID from random generator.
[    6.341738] systemd[1]: Installed transient /etc/machine-id file.
[    6.638313] systemd[1]: Created slice User and Session Slice.
[[0;32m  OK  [0m] Created slice User and Session Slice.
[    6.645304] systemd[1]: Started Forward Password Requests to Wall Directory Watch.
[[0;32m  OK  [0m] Started Forward Password Requests to Wall Directory Watch.
[    6.664664] systemd[1]: Reached target System Time Synchronized.
[[0;32m  OK  [0m] Reached target System Time Synchronized.
[    6.672259] systemd[1]: Reached target Swap.
[[0;32m  OK  [0m] Reached target Swap.
[[0;32m  OK  [0m] Created slice System Slice.
[[0;32m  OK  [0m] Listening on Journal Audit Socket.
[[0;32m  OK  [0m] Listening on Device-mapper event daemon FIFOs.
[[0;32m  OK  [0m] Listening on Network Service Netlink Socket.
[[0;32m  OK  [0m] Listening on /dev/initctl Compatibility Named Pipe.
[[0;32m  OK  [0m] Listening on LVM2 metadata daemon socket.
[[0;32m  OK  [0m] Created slice system-serial\x2dgetty.slice.
[[0;32m  OK  [0m] Listening on udev Control Socket.
[[0;32m  OK  [0m] Listening on Journal Socket.
         Starting Create list of required st…ce nodes for the current kernel...
         Mounting Kernel Debug File System...
         Starting Monitoring of LVM2 mirrors…ng dmeventd or progress polling...
         Mounting POSIX Message Queue File System...
         Starting Set the console keyboard layout...
         Starting Uncomplicated firewall...
[[0;32m  OK  [0m] Listening on udev Kernel Socket.
         Starting udev Coldplug all Devices...
[[0;32m  OK  [0m] Listening on Syslog Socket.
[[0;32m  OK  [0m] Listening on Journal Socket (/dev/log).
         Starting Journal Service...
         Starting Remount Root and Kernel File Systems...
[[0;32m  OK  [0m] Set up automount Arbitrary Executab…rmats File System Automount Point.
[[0;32m  OK  [0m] Reached target User and Group Name Lookups.
         Mounting Huge Pages File System...
[[0;32m  OK  [0m] Listening on LVM2 poll daemon socket.
[[0;32m  OK  [0m] [    6.837117] EXT4-fs (sda1): re-mounted. Opts: (null)
Reached target Slices.
         Starting Load Kernel Modules...
[[0;32m  OK  [0m] Started Journal Service.
[[0;32m  OK  [0m] Started Create list of required sta…vice nodes for the current kernel.
[[0;32m  OK  [0m] Mounted Kernel Debug File System.
[[0;32m  OK  [0m] Mounted POSIX Message Queue File System.
[[0;32m  OK  [0m] Started Uncomplicated firewall.
[[0;32m  OK  [0m[    6.874270] Loading iSCSI transport class v2.0-870.
] Started Remount Root and Kernel File Systems.
[[0;32m  OK  [0m] Mounted Huge Pages File System.
[[0;32m  OK  [0m] Started LVM2 metadata daemon.
         Starting Load/Save Random Seed...
         Starting Create Static Device Nodes in /dev...
         Starting Flush Journal to Persistent Storage...
[[0;32m  OK  [0m] Started udev Coldplug all Devices.
[    6.947542] iscsi: registered transport (tcp)
[[0;32m  OK  [0m] Started Load/Save Random Seed.
[[0;32m  OK  [0m] Started Create Static Device Nodes in /dev.
         Starting udev Kernel Device Manager...
[    7.014671] systemd-journald[382]: Received request to flush runtime journal from PID 1
[[0;32m  OK  [0m] Started Set the console keyboard layout.
[    7.038836] iscsi: registered transport (iser)
[[0;32m  OK  [0m] Started Load Kernel Modules.
         Mounting FUSE Control File System...
         Starting Apply Kernel Variables...
         Mounting Kernel Configuration File System...
[[0;32m  OK  [0m] Mounted FUSE Control File System.
[[0;32m  OK  [0m] Mounted Kernel Configuration File System.
[[0;32m  OK  [0m] Started udev Kernel Device Manager.
[[0;32m  OK  [0m] Started Dispatch Password Requests to Console Directory Watch.
[[0;32m  OK  [0m] Reached target Local Encrypted Volumes.
[[0;32m  OK  [0m] Started Monitoring of LVM2 mirrors,…sing dmeventd or progress polling.
[[0;32m  OK  [0m] Reached target Local File Systems (Pre).
[[0;32m  OK  [0m] Reached target Local File Systems.
         Starting ebtables ruleset management...
         Starting AppArmor initialization...
         Starting Tell Plymouth To Write Out Runtime Data...
         Starting Set console font and keymap...
         Starting Commit a transient machine-id on disk...
[[0;32m  OK  [0m] Started Flush Journal to Persistent Storage.
[[0;32m  OK  [0m] Started Apply Kernel Variables.
[[0;32m  OK  [0m] Started Tell Plymouth To Write Out Runtime Data.
[[0;32m  OK  [0m] Started Set console font and keymap.
         Starting Create Volatile Files and Directories...
[[0;32m  OK  [0m] Started Commit a transient machine-id on disk.
[[0;32m  OK  [0m] Started Create Volatile Files and Directories.
         Starting Update UTMP about System Boot/Shutdown...
[[0;32m  OK  [0m] Started ebtables ruleset management.
[[0;32m  OK  [0m] Started Update UTMP about System Boot/Shutdown.
[[0;32m  OK  [0m] Found device /dev/ttyS0.
[[0;32m  OK  [0m] Listening on Load/Save RF Kill Switch Status /dev/rfkill Watch.
[[0;32m  OK  [0m] Started AppArmor initialization.
         Starting Initial cloud-init job (pre-networking)...
         Starting Load AppArmor profiles managed internally by snapd...
[[0;32m  OK  [0m] Started Load AppArmor profiles managed internally by snapd.
[    9.904882] cloud-init[530]: Cloud-init v. 20.4.1-0ubuntu1~18.04.1 running 'init-local' at Thu, 11 Mar 2021 17:31:28 +0000. Up 9.58 seconds.
[[0;32m  OK  [0m] Started Initial cloud-init job (pre-networking).
[[0;32m  OK  [0m] Reached target Network (Pre).
         Starting Network Service...
[[0;32m  OK  [0m] Started Network Service.
         Starting Network Name Resolution...
         Starting Wait for Network to be Configured...
[[0;32m  OK  [0m] Started Network Name Resolution.
[[0;32m  OK  [0m] Reached target Host and Network Name Lookups.
[[0;32m  OK  [0m] Reached target Network.
[[0;32m  OK  [0m] Started Wait for Network to be Configured.
         Starting Initial cloud-init job (metadata service crawler)...
[   12.099342] cloud-init[634]: Cloud-init v. 20.4.1-0ubuntu1~18.04.1 running 'init' at Thu, 11 Mar 2021 17:31:31 +0000. Up 11.97 seconds.
[   12.110254] cloud-init[634]: ci-info: ++++++++++++++++++++++++++++++++++++++Net device info+++++++++++++++++++++++++++++++++++++++
[   12.119176] cloud-init[634]: ci-info: +--------+-------+----------------------------+---------------+--------+-------------------+
[   12.129284] cloud-init[634]: ci-info: | Device |   Up  |          Address           |      Mask     | Scope  |     Hw-Address    |
[   12.136800] cloud-init[634]: ci-info: +--------+-------+----------------------------+---------------+--------+-------------------+
[   12.150864] cloud-init[634]: ci-info: | enp0s3 |  True |         10.0.2.15          | 255.255.255.0 | global | 02:54:31:68:18:3c |
[   12.158048] cloud-init[634]: ci-info: | enp0s3 |  True | fe80::54:31ff:fe68:183c/64 |       .       |  link  | 02:54:31:68:18:3c |
[   12.165059] cloud-init[634]: ci-info: | enp0s8 | False |             .              |       .       |   .    | 08:00:27:f7:db:4f |
[   12.178188] cloud-init[634]: ci-info: |   lo   |  True |         127.0.0.1          |   255.0.0.0   |  host  |         .         |
[   12.187081] cloud-init[634]: ci-info: |   lo   |  True |          ::1/128           |       .       |  host  |         .         |
[   12.194053] cloud-init[634]: ci-info: +--------+-------+----------------------------+---------------+--------+-------------------+
[   12.200547] cloud-init[634]: ci-info: ++++++++++++++++++++++++++++Route IPv4 info+++++++++++++++++++++++++++++
[   12.208282] cloud-init[634]: ci-info: +-------+-------------+----------+-----------------+-----------+-------+
[   12.219185] cloud-init[634]: ci-info: | Route | Destination | Gateway  |     Genmask     | Interface | Flags |
[   12.231345] cloud-init[634]: ci-info: +-------+-------------+----------+-----------------+-----------+-------+
[   12.240947] cloud-init[634]: ci-info: |   0   |   0.0.0.0   | 10.0.2.2 |     0.0.0.0     |   enp0s3  |   UG  |
[   12.250476] cloud-init[634]: ci-info: |   1   |   10.0.2.0  | 0.0.0.0  |  255.255.255.0  |   enp0s3  |   U   |
[   12.258589] cloud-init[634]: ci-info: |   2   |   10.0.2.2  | 0.0.0.0  | 255.255.255.255 |   enp0s3  |   UH  |
[   12.275899] cloud-init[634]: ci-info: +-------+-------------+----------+-----------------+-----------+-------+
[   12.286999] cloud-init[634]: ci-info: +++++++++++++++++++Route IPv6 info+++++++++++++++++++
[   12.298949] cloud-init[634]: ci-info: +-------+-------------+---------+-----------+-------+
[   12.315631] cloud-init[634]: ci-info: | Route | Destination | Gateway | Interface | Flags |
[   12.325800] cloud-init[634]: ci-info: +-------+-------------+---------+-----------+-------+
[   12.332680] cloud-init[634]: ci-info: |   1   |  fe80::/64  |    ::   |   enp0s3  |   U   |
[   12.336533] cloud-init[634]: ci-info: |   3   |    local    |    ::   |   enp0s3  |   U   |
[   12.345838] cloud-init[634]: ci-info: |   4   |   ff00::/8  |    ::   |   enp0s3  |   U   |
[   12.351660] cloud-init[634]: ci-info: +-------+-------------+---------+-----------+-------+
[   13.038997] cloud-init[634]: Generating public/private rsa key pair.
[   13.045710] cloud-init[634]: Your identification has been saved in /etc/ssh/ssh_host_rsa_key.
[   13.056744] cloud-init[634]: Your public key has been saved in /etc/ssh/ssh_host_rsa_key.pub.
[   13.060962] cloud-init[634]: The key fingerprint is:
[   13.077931] cloud-init[634]: SHA256:VpEvfRkQXfDoIp6Xyc99AfjgyqAvAdtjz03ex9ND1lE root@ubuntu-bionic
[   13.083019] cloud-init[634]: The key's randomart image is:
[   13.086498] cloud-init[634]: +---[RSA 2048]----+
[   13.099516] cloud-init[634]: |          ..o+.o.|
[   13.103282] cloud-init[634]: |          ..  ooE|
[   13.106918] cloud-init[634]: |          .o. .oo|
[[0;32m  OK  [0m] Started Initial cloud-init job (metadata service crawler).
[   13.115337] cloud-init[634]: |   .     ..oooo. |[[0;32m  OK  [0m] Reached target Cloud-config availability.
[[0;32m  OK  [0m] Reached target System Initialization.

[   13.140741] cloud-init[634]: |    +   S o.+.o o|
         Starting LXD - unix socket.
[[0;32m  OK  [0m] Started Message of the Day.
[[0;32m  OK  [0m] Listening on D-Bus System Message Bus Socket.
         Starting Socket activation for snappy daemon.
[[0;32m  OK  [0m] Started Daily apt download activities.[   13.162427] cloud-init[634]: 
[[0;32m  OK  [0m] Started Daily apt upgrade and clean activities.
|   . = o o = = +.|
[   13.171227] cloud-init[[0;32m  OK  [0m] Started Discard unused blocks once a week.
[[634]: |    . * * = * + .|
[   13.179851] [0;32m  OK  [0m] Listening on ACPID Listen Socket.
[[0;32m  OK  [0mcloud-init[634]: |     o o = o * +.|
[   13.187045] cloud-init] Listening on UUID daemon activation socket.
[[0;32m  OK  [0m] [634]: |      o.    . + +|
[   13.194257] cloud-init[634]: +----[SHA256]-----+Listening on Open-iSCSI iscsid Socket.

[   13.200035] [[0;32m  OK  [0m] Started ACPI Events Check.
cloud-init[634]: Generating public/private dsa key pair.
[   13.206880] cloud-init[[0;32m  OK  [0m] Reached target Paths.
[[0;32m  OK  [0m] Started Daily Cleanup of Temporary Directories.
[[0;32m  OK  [0m[634]: Your identification has been saved in /etc/ssh/ssh_host_dsa_key.
[   13.215103] cloud-init] Reached target Timers.
[[0;32m  OK  [0m] Reached target Network is Online.[634]: Your public key has been saved in /etc/ssh/ssh_host_dsa_key.pub.
[   13.223440] 
cloud-init         Starting Availability of block devices...
[[0;32m  OK  [0m] [634]: Reached target Remote File Systems (Pre).
[[0;32m  OK  [0mThe key fingerprint is:
[   13.241731] cloud-init[634]: SHA256:QrUZkH7WNR4jg52KmZy6i4nsoAxeMD28u4WH1euvS/4 root@ubuntu-bionic] Reached target Remote File Systems.
[[0;32m  OK  [0m] Listening on LXD - unix socket.
[[0;32m  OK  [0m] Listening on Socket activation for snappy daemon.
[   13.259437] 
[[0;32m  OK  [0m] Started Availability of block devices.
[[0;32m  OK  [0m] Reached target Sockets.
cloud-init[634]: The key's randomart image is:
[[0;32m  OK  [0m[   13.269076] cloud-init[634]: +---[DSA 1024]----+
] Reached target Basic System.
         Starting Virtualbox guest utils...
         Starting LSB: automatic crash report generation...
[[0;32m  OK  [0m] Started D-Bus System Message Bus.
[   13.294653] cloud-init[634]: |      .ooo .     |
[   13.311161] cloud-init[634]: |      ...+= =    |
[   13.319208] cloud-init[634]: |     o.=oo = +   |
[   13.329780] cloud-init[634]: |  o  .O + . .    |         Starting Accounts Service...
[[0;32m  OK  [0m] Started Deferred execution scheduler.

[   13.354740] cloud-init[634]: | o + o.+S        |
[   13.365602] cloud-init[634]: |  o B  ..        |
[   13.374693] cloud-init[634]: |o  = + o         |
[   13.385670] cloud-init[634]: |B..o= +          |
         Starting Dispatcher daemon for systemd-networkd...
[   13.397078] [[0;32m  OK  [0m] Started Regular background program processing daemon.
         Starting Permit User Sessions...
         Starting System Logging Service...
         Starting Snap Daemon...
cloud-init[634]: |+=ooo. ==E       |
[   13.436676] cloud-init[634]: +----[SHA256]-----+
[   13.454496] cloud-init[634]: Generating public/private ecdsa key pair.
[   13.470218] cloud-init[634]: [[0;32m  OK  [0m] Started irqbalance daemon.
Your identification has been saved in /etc/ssh/ssh_host_ecdsa_key.[[0;32m  OK  [0m] Started FUSE filesystem for LXC.
         Starting Login Service...

[   13.507812] cloud-init[634]: Your public key has been saved in /etc/ssh/ssh_host_ecdsa_key.pub.
[   13.533593] cloud-init[634]: The key fingerprint is:
[   13.553533] cloud-init[634]: SHA256:ulJCdlY/cn0zUBVZ3XD9ggxH+ABijX2QmdlUvIoKJiM root@ubuntu-bionic         Starting Pollinate to seed the pseudo random number generator...
         Starting LSB: Record successful boot for GRUB...
         Starting LXD - container startup/shutdown...
[[0;32m  OK  [0m
] Started System Logging Service.
[[0;32m  OK  [0m] Started Permit User Sessions.
[   13.609053] cloud-init[634]: The key's randomart image is:
[   13.642863] cloud-init[634]: +---[ECDSA 256]---+
[   13.658443] cloud-init[634]: |      o+oX.=o.o+@|
[   13.666468] cloud-init[634]: |     ...O * +  o+|
[   13.676693] cloud-init[634]: |       . o B +  .|
[   13.694687] cloud-init[634]: |    o o . + * = .|
[   13.709683] cloud-init[634]: |   o o  S+ o . + |
[   13.720825] cloud-init[634]: |E o + ... .      |
[   13.729453] cloud-init[634]: | . + +..         |
[   13.742130] cloud-init[634]: |    . ..         |
[   13.759392] cloud-init[634]: |     ..          |
[   13.775591] cloud-init[634]: +----[SHA256]-----+
[   13.784978] cloud-init[634]: Generating public/private ed25519 key pair.         Starting Authorization Manager...
         Starting Terminate Plymouth Boot Screen...
[   13.807899] 
         Starting Hold until boot process finishes up...
cloud-init[634]: Your identification has been saved in /etc/ssh/ssh_host_ed25519_key.
[[0;32m  OK  [0m] Started Hold until boot process finishes up.
[[0;32m  OK  [0m] Started Serial Getty on ttyS0.
         Starting Set console scheme...
[   13.871425] [[0;32m  OK  [0m] Started Terminate Plymouth Boot Screen.cloud-init
[[0;32m  OK  [0m] Started Login Service.
[634]: Your public key has been saved in /etc/ssh/ssh_host_ed25519_key.pub.[[0;32m  OK  [0m] Started Unattended Upgrades Shutdown.

[   13.903860] cloud-init[634]: The key fingerprint is:
[   13.924768] cloud-init[634]: SHA256:gISRO/gw5SCqZCJ0PA/UupqMBZAOYD0eb1/QR/qrafM root@ubuntu-bionic
[   13.938429] cloud-init[634]: The key's randomart image is:
[   13.953271] cloud-init[634]: +--[ED25519 256]--+
[   13.962555] cloud-init[634]: |oo==o   . ..     |
[   13.975842] cloud-init[634]: |B.+X o . ...     |
[   13.993205] cloud-init[634]: |B=o.X . ...      |
[   14.008228] cloud-init[634]: |O++o + . ..      |
[   14.018282] cloud-init[634]: |*= .o . S  .     |
[[0;32m  OK  [0m] Started LSB: automatic crash report generation.
[   14.037355] cloud-init[634]: |. o.   .    .    |
[[0;32m  OK  [0m] Started Set console scheme.
[[0;32m  OK  [0m] Created slice system-getty.slice.
[[0;32m  OK  [0m] Started Getty on tty1.
[[0;32m  OK  [0m] Reached target Login Prompts.
[   14.072638] cloud-init[634]: |o.o        .     |
[   14.099838] cloud-init[634]: |.+       oo      |
[   14.152856] cloud-init[634]: |        .ooE     |
[   14.165363] cloud-init[634]: +----[SHA256]-----+
[[0;32m  OK  [0m] Started LSB: Record successful boot for GRUB.
[[0;32m  OK  [0m] Started Authorization Manager.
[[0;32m  OK  [0m] Started Accounts Service.
[[0;32m  OK  [0m] Started LXD - container startup/shutdown.
[[0;32m  OK  [0m] Started Virtualbox guest utils.
[[0;32m  OK  [0m] Started Dispatcher daemon for systemd-networkd.
[[0;32m  OK  [0m] Started Snap Daemon.
         Starting Wait until snapd is fully seeded...
[[0;32m  OK  [0m] Started Pollinate to seed the pseudo random number generator.
         Starting OpenBSD Secure Shell server...
[[0;32m  OK  [0m] Started OpenBSD Secure Shell server.
[[0;32m  OK  [0m] Created slice User Slice of vagrant.
         Starting User Manager for UID 1000...
[[0;32m  OK  [0m] Started Session 1 of user vagrant.
[[0;32m  OK  [0m] Started User Manager for UID 1000.
[[0;32m  OK  [0m] Started Wait until snapd is fully seeded.
         Starting Apply the settings specified in cloud-config...
[[0;32m  OK  [0m] Reached target Multi-User System.
[[0;32m  OK  [0m] Reached target Graphical Interface.
         Starting Update UTMP about System Runlevel Changes...
[[0;32m  OK  [0m] Started Update UTMP about System Runlevel Changes.
[   17.929282] cloud-init[1051]: Cloud-init v. 20.4.1-0ubuntu1~18.04.1 running 'modules:config' at Thu, 11 Mar 2021 17:31:36 +0000. Up 17.36 seconds.
[[0;32m  OK  [0m] Started Apply the settings specified in cloud-config.
         Starting Execute cloud user/final scripts...
ci-info: no authorized SSH keys fingerprints found for user ubuntu.
<14>Mar 11 17:31:37 ec2: 
<14>Mar 11 17:31:37 ec2: #############################################################
<14>Mar 11 17:31:37 ec2: -----BEGIN SSH HOST KEY FINGERPRINTS-----
<14>Mar 11 17:31:37 ec2: 1024 SHA256:QrUZkH7WNR4jg52KmZy6i4nsoAxeMD28u4WH1euvS/4 root@ubuntu-bionic (DSA)
<14>Mar 11 17:31:37 ec2: 256 SHA256:ulJCdlY/cn0zUBVZ3XD9ggxH+ABijX2QmdlUvIoKJiM root@ubuntu-bionic (ECDSA)
<14>Mar 11 17:31:37 ec2: 256 SHA256:gISRO/gw5SCqZCJ0PA/UupqMBZAOYD0eb1/QR/qrafM root@ubuntu-bionic (ED25519)
<14>Mar 11 17:31:37 ec2: 2048 SHA256:VpEvfRkQXfDoIp6Xyc99AfjgyqAvAdtjz03ex9ND1lE root@ubuntu-bionic (RSA)
<14>Mar 11 17:31:37 ec2: -----END SSH HOST KEY FINGERPRINTS-----
<14>Mar 11 17:31:37 ec2: #############################################################
-----BEGIN SSH HOST KEY KEYS-----
ecdsa-sha2-nistp256 AAAAE2VjZHNhLXNoYTItbmlzdHAyNTYAAAAIbmlzdHAyNTYAAABBBNGbLNAphlSL3IfYDTqHH2l7j+/zyWBg9PlCD5ym2NSbbuHajxFkJhopzA+vMz+YDwFp/SZkdDCNJTkehEogR0w= root@ubuntu-bionic
ssh-ed25519 AAAAC3NzaC1lZDI1NTE5AAAAIHupXv/cxLDXpSeLWd3G1QE94B0Lmli9ScaXucYMFCyq root@ubuntu-bionic
ssh-rsa AAAAB3NzaC1yc2EAAAADAQABAAABAQCvBpwbhsbczkIDsMjZqRGYbGGXxqAQu5wH3EKlz7laVceA4D0uQq2vVE8GgRufOJvC0BWQIbUDrVEdR7MCyvkeCvmS3V5syjUvXUId3TtGmBsqVsi9evTkaq9n2E8rQleitLEaExnj3l1vdELLL0JXw0XQVku97Rqug+OR4i52q35Bzy3jU4coUxoB9O9bJNq6onzNXmIE2ueoia8wyvwIsf71HCfJ8CrNO7mYC94WRZK1HYA88qzBvf2ypVCI4hY+CnifBZKytGTNod5bzBdEt9YDLYtVI2FfmJurCpixxkEJ8NhqPG07HfJHdzWvgOd9XqRAlohib5DD38JOL9fX root@ubuntu-bionic
-----END SSH HOST KEY KEYS-----
[   18.625233] cloud-init[1176]: Cloud-init v. 20.4.1-0ubuntu1~18.04.1 running 'modules:final' at Thu, 11 Mar 2021 17:31:37 +0000. Up 18.42 seconds.
[   18.657308] cloud-init[1176]: ci-info: no authorized SSH keys fingerprints found for user ubuntu.
[   18.665858] cloud-init[1176]: Cloud-init v. 20.4.1-0ubuntu1~18.04.1 finished at Thu, 11 Mar 2021 17:31:37 +0000. Datasource DataSourceNoCloud [seed=/dev/sdb][dsmode=net].  Up 18.60 seconds
[[0;32m  OK  [0m] Started Execute cloud user/final scripts.
[[0;32m  OK  [0m] Reached target Cloud-init target.

Ubuntu 18.04.5 LTS ubuntu-bionic ttyS0

ubuntu-bionic login: 